/work/11170/roy/CGM/scripts/comparison.py:1035: UserWarning: This figure includes Axes that are not compatible with tight_layout, so results might be incorrect.
  plt.tight_layout()
/work/11170/roy/CGM/scripts/exploratory.py:332: UserWarning: This figure includes Axes that are not compatible with tight_layout, so results might be incorrect.
  plt.tight_layout()
/work/11170/roy/CGM/scripts/statistical_tests.py:42: UserWarning: p-value capped: true value larger than 0.25. Consider specifying `method` (e.g. `method=stats.PermutationMethod()`.)
  result = stats.anderson_ksamp([data1.flatten(), data2.flatten()])
/work/11170/roy/CGM/scripts/exploratory.py:239: UserWarning: This figure includes Axes that are not compatible with tight_layout, so results might be incorrect.
  plt.tight_layout()
/work/11170/roy/CGM/scripts/exploratory.py:536: UserWarning: This figure includes Axes that are not compatible with tight_layout, so results might be incorrect.
  plt.tight_layout()
======================================================================
SIMULATION COMPARISON
======================================================================
[COMPREHENSIVE COMPARISON - Mode: full]
Loading 29 simulations...
  Skipping 1P_p7_0: Unable to allocate 496. MiB for an array with shape (2880, 22571) and data type float64
  Skipping 1P_p8_0: Unable to allocate 496. MiB for an array with shape (2880, 22571) and data type float64
  Skipping 1P_p9_0: Unable to allocate 496. MiB for an array with shape (2880, 22571) and data type float64
  Skipping 1P_p10_0: Unable to allocate 496. MiB for an array with shape (2880, 22571) and data type float64
  Skipping 1P_p11_0: Unable to allocate 496. MiB for an array with shape (2880, 22571) and data type float64
  Skipping 1P_p12_0: Unable to allocate 496. MiB for an array with shape (2880, 22571) and data type float64
  Skipping 1P_p13_0: Unable to allocate 496. MiB for an array with shape (2880, 22571) and data type float64
  Skipping 1P_p14_0: Unable to allocate 496. MiB for an array with shape (2880, 22571) and data type float64
  Skipping 1P_p15_0: Unable to allocate 496. MiB for an array with shape (2880, 22571) and data type float64
  Skipping 1P_p16_0: Unable to allocate 496. MiB for an array with shape (2880, 22571) and data type float64
  Skipping 1P_p17_0: Unable to allocate 496. MiB for an array with shape (2880, 22571) and data type float64
  Skipping 1P_p18_0: Unable to allocate 496. MiB for an array with shape (2880, 22571) and data type float64
  Skipping 1P_p19_0: Unable to allocate 496. MiB for an array with shape (2880, 22571) and data type float64
  Skipping 1P_p20_0: Unable to allocate 496. MiB for an array with shape (2880, 22571) and data type float64
  Skipping 1P_p21_0: Unable to allocate 496. MiB for an array with shape (2880, 22571) and data type float64
  Skipping 1P_p22_0: Unable to allocate 496. MiB for an array with shape (2880, 22571) and data type float64
  Skipping 1P_p23_0: Unable to allocate 496. MiB for an array with shape (2880, 22571) and data type float64
  Skipping 1P_p24_0: Unable to allocate 496. MiB for an array with shape (2880, 22571) and data type float64
  Skipping 1P_p25_0: Unable to allocate 496. MiB for an array with shape (2880, 22571) and data type float64
  Skipping 1P_p26_0: Unable to allocate 496. MiB for an array with shape (2880, 22571) and data type float64
  Skipping 1P_p27_0: Unable to allocate 496. MiB for an array with shape (2880, 22571) and data type float64
  Skipping 1P_p28_0: Unable to allocate 496. MiB for an array with shape (2880, 22571) and data type float64
Loading 7 simulation results...
  [1/7] 1P_0: spectra/IllustrisTNG/1P/1P_0/cgm/cgm_lya_spectra_snap_080_n2400.hdf5
      Failed: Unable to allocate 413. MiB for an array with shape (2400, 22571) and data type float64
  [2/7] 1P_p1_0: spectra/IllustrisTNG/1P/1P_p1_0/cgm/cgm_lya_spectra_snap_080_n2880.hdf5
      Failed: Unable to allocate 496. MiB for an array with shape (2880, 22571) and data type float64
  [3/7] 1P_p2_0: spectra/IllustrisTNG/1P/1P_p2_0/cgm/cgm_lya_spectra_snap_080_n2880.hdf5
      Failed: Unable to allocate 496. MiB for an array with shape (2880, 22571) and data type float64
  [4/7] 1P_p3_0: spectra/IllustrisTNG/1P/1P_p3_0/cgm/cgm_lya_spectra_snap_080_n2880.hdf5
      Failed: Unable to allocate 496. MiB for an array with shape (2880, 22571) and data type float64
  [5/7] 1P_p4_0: spectra/IllustrisTNG/1P/1P_p4_0/cgm/cgm_lya_spectra_snap_080_n2880.hdf5
      Failed: Unable to allocate 496. MiB for an array with shape (2880, 22571) and data type float64
  [6/7] 1P_p5_0: spectra/IllustrisTNG/1P/1P_p5_0/cgm/cgm_lya_spectra_snap_080_n2880.hdf5
      Failed: Unable to allocate 496. MiB for an array with shape (2880, 22571) and data type float64
  [7/7] 1P_p6_0: spectra/IllustrisTNG/1P/1P_p6_0/cgm/cgm_lya_spectra_snap_080_n2880.hdf5
      Failed: Unable to allocate 496. MiB for an array with shape (2880, 22571) and data type float64
Error: No valid results to compare

[ENHANCED COMPARISON PLOTS]
Comparing flux distributions (chunked processing)...

[STATISTICAL TESTS]

====================================================================================================
STATISTICAL COMPARISON RESULTS
====================================================================================================

[1] 1P_0 vs 1P_p1_0
----------------------------------------------------------------------------------------------------
  Samples:      n1=100,000  n2=100,000
  Means:        0.902207  vs  0.900261  (diff: -0.001946)
  Medians:      0.991527  vs  0.991622  (diff: ...
(Full results in statistical_tests.txt)

[FULL EXPLORATORY ANALYSIS]
Extracting spectral features (chunked processing)...
Running PCA/t-SNE clustering...
Computing pairwise comparison matrix...

[COMPLETE] All plots saved to plots/comparisons/1p_internal_20260104_001834/cgm/

======================================================================
COMPREHENSIVE COMPARISON COMPLETE
Output directory: plots/comparisons/1p_internal_20260104_001834/cgm
======================================================================
