/work/11170/roy/CGM/scripts/comparison.py:1035: UserWarning: This figure includes Axes that are not compatible with tight_layout, so results might be incorrect.
  plt.tight_layout()
/work/11170/roy/CGM/scripts/comparison.py:750: UserWarning: No artists with labels found to put in legend.  Note that artists whose label start with an underscore are ignored when legend() is called with no argument.
  ax.legend(fontsize=9)
/work/11170/roy/CGM/scripts/exploratory.py:332: UserWarning: This figure includes Axes that are not compatible with tight_layout, so results might be incorrect.
  plt.tight_layout()
/work/11170/roy/CGM/scripts/exploratory.py:239: UserWarning: This figure includes Axes that are not compatible with tight_layout, so results might be incorrect.
  plt.tight_layout()
/work/11170/roy/CGM/scripts/exploratory.py:536: UserWarning: This figure includes Axes that are not compatible with tight_layout, so results might be incorrect.
  plt.tight_layout()
======================================================================
SIMULATION COMPARISON
======================================================================
[COMPREHENSIVE COMPARISON - Mode: full]
Loading 29 simulations...
  Skipping 1P_p1_0: Unable to allocate 1.68 GiB for an array with shape (10000, 22571) and data type float64
  Skipping 1P_p2_0: Unable to allocate 1.68 GiB for an array with shape (10000, 22571) and data type float64
  Skipping 1P_p3_0: Unable to allocate 1.68 GiB for an array with shape (10000, 22571) and data type float64
  Skipping 1P_p4_0: Unable to allocate 1.68 GiB for an array with shape (10000, 22571) and data type float64
  Skipping 1P_p5_0: Unable to allocate 1.68 GiB for an array with shape (10000, 22571) and data type float64
  Skipping 1P_p6_0: Unable to allocate 1.68 GiB for an array with shape (10000, 22571) and data type float64
  Skipping 1P_p7_0: Unable to allocate 1.68 GiB for an array with shape (10000, 22571) and data type float64
  Skipping 1P_p8_0: Unable to allocate 1.68 GiB for an array with shape (10000, 22571) and data type float64
  Skipping 1P_p9_0: Unable to allocate 1.68 GiB for an array with shape (10000, 22571) and data type float64
  Skipping 1P_p10_0: Unable to allocate 1.68 GiB for an array with shape (10000, 22571) and data type float64
  Skipping 1P_p11_0: Unable to allocate 1.68 GiB for an array with shape (10000, 22571) and data type float64
  Skipping 1P_p12_0: Unable to allocate 1.68 GiB for an array with shape (10000, 22571) and data type float64
  Skipping 1P_p13_0: Unable to allocate 1.68 GiB for an array with shape (10000, 22571) and data type float64
  Skipping 1P_p14_0: Unable to allocate 1.68 GiB for an array with shape (10000, 22571) and data type float64
  Skipping 1P_p15_0: Unable to allocate 1.68 GiB for an array with shape (10000, 22571) and data type float64
  Skipping 1P_p16_0: Unable to allocate 1.68 GiB for an array with shape (10000, 22571) and data type float64
  Skipping 1P_p17_0: Unable to allocate 1.68 GiB for an array with shape (10000, 22571) and data type float64
  Skipping 1P_p18_0: Unable to allocate 1.68 GiB for an array with shape (10000, 22571) and data type float64
  Skipping 1P_p19_0: Unable to allocate 1.68 GiB for an array with shape (10000, 22571) and data type float64
  Skipping 1P_p20_0: Unable to allocate 1.68 GiB for an array with shape (10000, 22571) and data type float64
  Skipping 1P_p21_0: Unable to allocate 1.68 GiB for an array with shape (10000, 22571) and data type float64
  Skipping 1P_p22_0: Unable to allocate 1.68 GiB for an array with shape (10000, 22571) and data type float64
  Skipping 1P_p23_0: Unable to allocate 1.68 GiB for an array with shape (10000, 22571) and data type float64
  Skipping 1P_p24_0: Unable to allocate 1.68 GiB for an array with shape (10000, 22571) and data type float64
  Skipping 1P_p25_0: Unable to allocate 1.68 GiB for an array with shape (10000, 22571) and data type float64
  Skipping 1P_p26_0: Unable to allocate 1.68 GiB for an array with shape (10000, 22571) and data type float64
  Skipping 1P_p27_0: Unable to allocate 1.68 GiB for an array with shape (10000, 22571) and data type float64
  Skipping 1P_p28_0: Unable to allocate 1.68 GiB for an array with shape (10000, 22571) and data type float64
Loading 1 simulation results...
  [1/1] 1P_0: spectra/IllustrisTNG/1P/1P_0/camel_lya_spectra_snap_080_n10000.hdf5
      Failed: Unable to allocate 1.68 GiB for an array with shape (10000, 22571) and data type float64
Error: No valid results to compare

[ENHANCED COMPARISON PLOTS]
Comparing flux distributions (chunked processing)...

[STATISTICAL TESTS]

[FULL EXPLORATORY ANALYSIS]
Extracting spectral features (chunked processing)...
Running PCA/t-SNE clustering...
Computing pairwise comparison matrix...

[COMPLETE] All plots saved to plots/comparisons/1p_internal_20260104_001834/igm/

======================================================================
COMPREHENSIVE COMPARISON COMPLETE
Output directory: plots/comparisons/1p_internal_20260104_001834/igm
======================================================================
