========================================
SLURM Job Information
========================================
Job ID: 2938169
Array Task ID: 4
Node: c306-016.ls6.tacc.utexas.edu
Date: Fri Feb 20 20:35:05 CST 2026
Working directory: /work/11170/roy/CGM

Processing simulation: 1P_p1_1
========================================

===========================
        Snapshot 14        
===========================
[1/2] Activating virtual environment...
Virtual environment activated

[2/2] Generating spectra...
Command: python analyze_spectra.py generate 'data/IllustrisTNG/1P/1P_p1_1/snap_014.hdf5' --sightlines-from 'output/sightlines/analysis_sightlines_2025-01-28.hdf5'

======================================================================
GENERATING SPECTRA FROM SIMULATION SNAPSHOT
======================================================================
Snapshot:    data/IllustrisTNG/1P/1P_p1_1/snap_014.hdf5
Snap number: 14
Sightlines:  100
Resolution:  0.1 km/s/pixel
Random seed: 42
Lines:		Lyman-alpha (H1 1215Å)  

[1/5] Loading snapshot metadata...
Redshift:      z = 5.994
Box size:      5.33 Mpc/h
Gas particles: 16,783,871

[2/5] Setting up sightlines...
Loading sightlines from: output/sightlines/analysis_sightlines_2025-01-28.hdf5
Loaded 10000 sightlines
  Positions range: [0.3, 24998.1] ckpc/h
  Axes: x=3238, y=3440, z=3322

[3/5] Initializing fake_spectra (applying Python 3.13 bugfixes)...
Applied fake_spectra bugfixes for Python 3.13 compatibility
Output will be saved to: /work/11170/roy/CGM/spectra/IllustrisTNG/1P/1P_p1_1/camel_lya_spectra_snap_014_n10000.hdf5

[4/5] Initializing spectra object...
Reloading from snapshot (will save to:  /work/11170/roy/CGM/spectra/IllustrisTNG/1P/1P_p1_1/camel_lya_spectra_snap_014_n10000.hdf5  )
10000  sightlines. resolution:  0.10000031467710231  z= 5.994167484881114
Loaded snapshot 14
Initialized 10000 sightlines
Velocity range: 4190.71 km/s
Resolution: 0.1000 km/s/pixel

[5/5] Computing optical depths...
[1/1] Lyman-alpha (H 1 1215Å)... OK (71871.3s, tau=(10000, 41907), colden=(10000, 41907))
  Total computation time: 71871.3s

Computing temperature and density in 5 chunks of ~2000 sightlines...
  Total sightlines: 10000
  Chunk size: 2000

  Chunk 1/5: sightlines 0-1999 (2000 sightlines)
    Computing temperature... OK (shape: (2000, 41907))
    Computing density-weighted density... OK (shape: (2000, 41907))

  Chunk 2/5: sightlines 2000-3999 (2000 sightlines)
    Computing temperature... OK (shape: (2000, 41907))
    Computing density-weighted density... OK (shape: (2000, 41907))

  Chunk 3/5: sightlines 4000-5999 (2000 sightlines)
    Computing temperature... OK (shape: (2000, 41907))
    Computing density-weighted density... OK (shape: (2000, 41907))

  Chunk 4/5: sightlines 6000-7999 (2000 sightlines)
    Computing temperature... OK (shape: (2000, 41907))
    Computing density-weighted density... OK (shape: (2000, 41907))

  Chunk 5/5: sightlines 8000-9999 (2000 sightlines)
    Computing temperature... OK (shape: (2000, 41907))
    Computing density-weighted density... OK (shape: (2000, 41907))

  Concatenating 5 chunks...
    Temperature shape: (10000, 41907)
    Density shape: (10000, 41907)
  ✓ Temperature and density computation complete

Saving to HDF5...
Saved to: /work/11170/roy/CGM/spectra/IllustrisTNG/1P/1P_p1_1/camel_lya_spectra_snap_014_n10000.hdf5
Added velocity spacing to header: vmax=4190.71 km/s, dvbin=0.1000 km/s/pixel
Saved sightlines to /Sightlines/ group in spectra file

======================================================================
Spectra saved to:
  /work/11170/roy/CGM/spectra/IllustrisTNG/1P/1P_p1_1/camel_lya_spectra_snap_014_n10000.hdf5
======================================================================

Spectra generation completed successfully

[3/2] Analyzing spectra...
Command: python analyze_spectra.py analyze 'spectra/IllustrisTNG/1P/1P_p1_1/camel_lya_spectra_snap_014.hdf5'

Error: File not found: spectra/IllustrisTNG/1P/1P_p1_1/camel_lya_spectra_snap_014.hdf5

ERROR: Spectra analysis failed for 1P_p1_1
