========================================
SLURM Job Information
========================================
Job ID: 2938845
Array Task ID: 21
Node: c301-024.ls6.tacc.utexas.edu
Date: Sat Feb 21 09:30:29 CST 2026
Working directory: /work/11170/roy/CGM

Processing simulation: 1P_p9_n2
========================================

===========================
        Snapshot 14        
===========================
[1/2] Activating virtual environment...
Virtual environment activated

[2/2] Generating spectra...
Command: python analyze_spectra.py generate 'data/IllustrisTNG/1P/1P_p9_n2/snap_014.hdf5' --sightlines-from 'output/sightlines/analysis_sightlines_2025-01-28.hdf5'

======================================================================
GENERATING SPECTRA FROM SIMULATION SNAPSHOT
======================================================================
Snapshot:    data/IllustrisTNG/1P/1P_p9_n2/snap_014.hdf5
Snap number: 14
Sightlines:  100
Resolution:  0.1 km/s/pixel
Random seed: 42
Lines:		Lyman-alpha (H1 1215Å)  

[1/5] Loading snapshot metadata...
Redshift:      z = 5.978
Box size:      5.34 Mpc/h
Gas particles: 16,779,277

[2/5] Setting up sightlines...
Loading sightlines from: output/sightlines/analysis_sightlines_2025-01-28.hdf5
Loaded 10000 sightlines
  Positions range: [0.3, 24998.1] ckpc/h
  Axes: x=3238, y=3440, z=3322

[3/5] Initializing fake_spectra (applying Python 3.13 bugfixes)...
Applied fake_spectra bugfixes for Python 3.13 compatibility
Output will be saved to: /work/11170/roy/CGM/spectra/IllustrisTNG/1P/1P_p9_n2/camel_lya_spectra_snap_014_n10000.hdf5

[4/5] Initializing spectra object...
Reloading from snapshot (will save to:  /work/11170/roy/CGM/spectra/IllustrisTNG/1P/1P_p9_n2/camel_lya_spectra_snap_014_n10000.hdf5  )
10000  sightlines. resolution:  0.1000013158245253  z= 5.977616828479627
Loaded snapshot 14
Initialized 10000 sightlines
Velocity range: 3629.45 km/s
Resolution: 0.1000 km/s/pixel

[5/5] Computing optical depths...
[1/1] Lyman-alpha (H 1 1215Å)... OK (75998.8s, tau=(10000, 36294), colden=(10000, 36294))
  Total computation time: 75998.8s

Computing temperature and density in 5 chunks of ~2000 sightlines...
  Total sightlines: 10000
  Chunk size: 2000

  Chunk 1/5: sightlines 0-1999 (2000 sightlines)
    Computing temperature... OK (shape: (2000, 36294))
    Computing density-weighted density... OK (shape: (2000, 36294))

  Chunk 2/5: sightlines 2000-3999 (2000 sightlines)
    Computing temperature... OK (shape: (2000, 36294))
    Computing density-weighted density... OK (shape: (2000, 36294))

  Chunk 3/5: sightlines 4000-5999 (2000 sightlines)
    Computing temperature... OK (shape: (2000, 36294))
    Computing density-weighted density... OK (shape: (2000, 36294))

  Chunk 4/5: sightlines 6000-7999 (2000 sightlines)
    Computing temperature... OK (shape: (2000, 36294))
    Computing density-weighted density... OK (shape: (2000, 36294))

  Chunk 5/5: sightlines 8000-9999 (2000 sightlines)
    Computing temperature... OK (shape: (2000, 36294))
    Computing density-weighted density... OK (shape: (2000, 36294))

  Concatenating 5 chunks...
    Temperature shape: (10000, 36294)
    Density shape: (10000, 36294)
  ✓ Temperature and density computation complete

Saving to HDF5...
Error saving file: [Errno 122] Can't synchronously write data (file write failed: time = Sun Feb 22 06:39:19 2026
, filename = '/work/11170/roy/CGM/spectra/IllustrisTNG/1P/1P_p9_n2/camel_lya_spectra_snap_014_n10000.hdf5', file descriptor = 4, errno = 122, error message = 'Disk quota exceeded', buf = 0x1464e9fcce30, total write size = 1202713824, bytes this sub-write = 1202713824, offset = 4604616704)

ERROR: Spectra generation failed for 1P_p9_n2
