========================================
SLURM Job Information
========================================
Job ID: 3232736
Array Task ID: 4
Node: c309-009.ls6.tacc.utexas.edu
Cores: 48
Memory:  MB
Date: Mon Jun 15 02:49:58 CDT 2026
Working directory: /work/11170/roy/CGM

Threads (OpenMP, generate + analyze): 128
Snapshot: snap_032
Sightlines: output/sightlines/analysis_sightlines_2025-01-28.hdf5

Processing simulation: 1P_p1_1
========================================

[1/3] Activating virtual environment...
Virtual environment activated

[2/3] Generating spectra (OpenMP, 128 threads)...
======================================================================
GENERATING SPECTRA FROM SIMULATION SNAPSHOT
======================================================================
Snapshot:    data/IllustrisTNG/1P/1P_p1_1/snap_032.hdf5
Snap number: 32
Sightlines:  10000
Resolution:  0.1 km/s/pixel
Random seed: 42
Lines:		Lyman-alpha (H1 1215Å)  

[1/5] Loading snapshot metadata...
Redshift:      z = 2.999
Box size:      9.32 Mpc/h
Gas particles: 16,630,795

[2/5] Setting up sightlines...
Loading sightlines from: output/sightlines/analysis_sightlines_2025-01-28.hdf5
Loaded 10000 sightlines
  Positions range: [0.3, 24998.1] ckpc/h
  Axes: x=3238, y=3440, z=3322

[3/5] Initializing fake_spectra (applying Python 3.13 bugfixes)...
Applied fake_spectra bugfixes for Python 3.13 compatibility
Output will be saved to: /work/11170/roy/CGM/spectra/IllustrisTNG/1P/1P_p1_1/camel_lya_spectra_snap_032_n10000.hdf5

[4/5] Initializing spectra object...
Reloading from snapshot (will save to:  /work/11170/roy/CGM/spectra/IllustrisTNG/1P/1P_p1_1/camel_lya_spectra_snap_032_n10000.hdf5  )
10000  sightlines. resolution:  0.10000052686317312  z= 2.9986464259849765
Loaded snapshot 32
Initialized 10000 sightlines
Velocity range: 3198.62 km/s
Resolution: 0.1000 km/s/pixel

[5/5] Computing optical depths...
[1/1] Lyman-alpha (H 1 1215Å)... OK (282.9s, tau=(10000, 31986), colden=(10000, 31986))
  Total computation time: 282.9s

Computing temperature and density in 5 chunks of ~2000 sightlines...
  Total sightlines: 10000
  Chunk size: 2000

  Chunk 1/5: sightlines 0-1999 (2000 sightlines)
    Computing temperature... OK (shape: (2000, 31986))
    Computing density-weighted density... OK (shape: (2000, 31986))

  Chunk 2/5: sightlines 2000-3999 (2000 sightlines)
    Computing temperature... OK (shape: (2000, 31986))
    Computing density-weighted density... OK (shape: (2000, 31986))

  Chunk 3/5: sightlines 4000-5999 (2000 sightlines)
    Computing temperature... OK (shape: (2000, 31986))
    Computing density-weighted density... OK (shape: (2000, 31986))

  Chunk 4/5: sightlines 6000-7999 (2000 sightlines)
    Computing temperature... OK (shape: (2000, 31986))
    Computing density-weighted density... OK (shape: (2000, 31986))

  Chunk 5/5: sightlines 8000-9999 (2000 sightlines)
    Computing temperature... OK (shape: (2000, 31986))
    Computing density-weighted density... OK (shape: (2000, 31986))

  Concatenating 5 chunks...
    Temperature shape: (10000, 31986)
    Density shape: (10000, 31986)
  ✓ Temperature and density computation complete

Saving to HDF5...
Saved to: /work/11170/roy/CGM/spectra/IllustrisTNG/1P/1P_p1_1/camel_lya_spectra_snap_032_n10000.hdf5
Added velocity spacing to header: vmax=3198.62 km/s, dvbin=0.1000 km/s/pixel
Saved sightlines to /Sightlines/ group in spectra file

======================================================================
Spectra saved to:
  /work/11170/roy/CGM/spectra/IllustrisTNG/1P/1P_p1_1/camel_lya_spectra_snap_032_n10000.hdf5
======================================================================

Spectra generation completed successfully

[3/3] Analyzing spectra (OpenMP, 128 threads)...

======================================================================
ANALYZING LYMAN-ALPHA SPECTRA
======================================================================
Input file: spectra/IllustrisTNG/1P/1P_p1_1/camel_lya_spectra_snap_032_n10000.hdf5
Workers: 1

[1/5] Loading spectra data...
Auto-detected: Lyman-alpha (H I 1215Å)
  Loaded column density data from colden/H/1
  Using fake_spectra's pre-computed column densities for accuracy
Sightlines: 10000
Pixels: 31986
Redshift: z = 2.999

======================================================================
COMPREHENSIVE ANALYSIS
======================================================================

[1/8] Computing basic flux statistics...
Statistics:
========================================
Mean flux:              0.4196
Median flux:            0.7159
Std dev:                0.1619

Effective tau_eff:        0.8684
Mean tau:                 3145.7480
Median tau:               0.3343

Deep absorption:        5.25%
Moderate absorption:    5.25%
Weak absorption:        5.25%

[2/8] Computing effective optical depth tau_eff...
tau_eff = 0.5272 ± 0.0029
Mean transmitted flux <F> = 0.5903
Using velocity spacing from header: 0.1000 km/s/pixel

[3/8] Computing flux power spectrum P_F(k)...
Computed power spectrum with 15994 k-modes
k range: 0.0020 to 31.42 s/km
Mean flux used: 0.5903

[4/8] Computing column density distribution f(N_HI) using simple method...
Simple pixel optical depth method
Identified 27498 absorbers
Absorption path length: dX = 37.25 Mpc (comoving)
Power law index β = 0.60

[4b/8] Computing line width distribution b(N_HI)...
Identified 180383 absorbers with b-parameters
Median b-parameter: 80.0 km/s
Mean b-parameter: 73.8 ± 15.2 km/s
Implied temperature: 69650 × 10³ K

[4c/8] Checking for temperature-density data...
Found temperature and density data - using chunked processing...
Processing T-ρ data: 10,000 sightlines × 31,986 pixels
Using chunk size: 1000
  Processing chunk 1/10 (0-1,000)
  Processing chunk 2/10 (1,000-2,000)
  Processing chunk 3/10 (2,000-3,000)
  Processing chunk 4/10 (3,000-4,000)
  Processing chunk 5/10 (4,000-5,000)
  Processing chunk 6/10 (5,000-6,000)
  Processing chunk 7/10 (6,000-7,000)
  Processing chunk 8/10 (7,000-8,000)
  Processing chunk 9/10 (8,000-9,000)
  Processing chunk 10/10 (9,000-10,000)
  Total valid pixels: 268,372,015
  Valid pixels: 268,372,015
  T_0 (at mean density): 12354 K
  gamma (polytropic index): 1.062

[4d/8] Checking for multi-line data...
Only single line available - skipping multi-line analysis

[5/8] Setting up plots...

[6/8] Creating comprehensive analysis plots...
  Saved: /work/11170/roy/CGM/plots/IllustrisTNG/1P/1P_p1_1/camel_sample_spectra_snap_032.png
[a] Sample spectra: /work/11170/roy/CGM/plots/IllustrisTNG/1P/1P_p1_1/camel_sample_spectra_snap_032.png
  Saved: /work/11170/roy/CGM/plots/IllustrisTNG/1P/1P_p1_1/camel_power_spectrum_snap_032.png
[b] Power spectrum: /work/11170/roy/CGM/plots/IllustrisTNG/1P/1P_p1_1/camel_power_spectrum_snap_032.png
  Saved: /work/11170/roy/CGM/plots/IllustrisTNG/1P/1P_p1_1/camel_cddf_snap_032.png
[c] CDDF: /work/11170/roy/CGM/plots/IllustrisTNG/1P/1P_p1_1/camel_cddf_snap_032.png
  Saved: /work/11170/roy/CGM/plots/IllustrisTNG/1P/1P_p1_1/camel_line_widths_snap_032.png
[d] Line widths: /work/11170/roy/CGM/plots/IllustrisTNG/1P/1P_p1_1/camel_line_widths_snap_032.png
  Saved: /work/11170/roy/CGM/plots/IllustrisTNG/1P/1P_p1_1/camel_temp_density_snap_032.png
[e] T-ρ relation: /work/11170/roy/CGM/plots/IllustrisTNG/1P/1P_p1_1/camel_temp_density_snap_032.png

[7/8] Creating detailed statistics plots...
  [d] Statistics: /work/11170/roy/CGM/plots/IllustrisTNG/1P/1P_p1_1/camel_statistics_snap_032.png

[8] Creating diagnostic plots from snapshot
----------------------------------------------------------------------
Snapshot file not found (tried snap_032.hdf5)
Skipping diagnostic plots

[9/8] Exporting analysis results...
Saved 5 CSV data files to: /work/11170/roy/CGM/output/analysis/IllustrisTNG/1P/1P_p1_1/snap-032
Exported analysis data to: /work/11170/roy/CGM/output/analysis/IllustrisTNG/1P/1P_p1_1/snap-032

======================================================================
COMPREHENSIVE ANALYSIS COMPLETE
======================================================================

Key Results:
Mean flux <F>:           0.5903
Effective tau tau_eff:     0.5272 ± 0.0029
Number of absorbers:     27498
CDDF power law β:        0.60
Mean b-parameter:        73.8 ± 15.2 km/s
Implied temperature:     69650 × 10³ K
T_0 (at mean density):    12354 K
gamma (polytropic index):    1.062

Plots saved to: /work/11170/roy/CGM/plots
- Sample spectra
- Flux power spectrum P_F(k)
- Column density distribution f(N_HI)
- Line width distribution b(N_HI)
- Temperature-density relation T(ρ)
- Detailed statistics

Data exported to: /work/11170/roy/CGM/output/analysis/IllustrisTNG/1P/1P_p1_1/snap-032
- power_spectrum.csv
- cddf.csv
- flux_stats.csv
- line_widths.csv
- temp_density.csv
======================================================================
Saved spectra metadata to output/explore/IllustrisTNG/1P/1P_p1_1/snap_032.txt

========================================
Simulation 1P_p1_1 (snap_032) completed successfully!
Finished at: Mon Jun 15 03:01:43 CDT 2026
========================================
