========================================
SLURM Job Information
========================================
Job ID: 3228515
Array Task ID: 4
Node: c312-174.ls6.tacc.utexas.edu
Cores: 48
Memory:  MB
Date: Sat Jun 13 01:08:39 CDT 2026
Working directory: /work/11170/roy/CGM

Threads (OpenMP, generate + analyze): 128
Snapshot: snap_018
Sightlines: output/sightlines/analysis_sightlines_2025-01-28.hdf5

Processing simulation: 1P_p1_1
========================================

[1/3] Activating virtual environment...
Virtual environment activated

[2/3] Generating spectra (OpenMP, 128 threads)...
======================================================================
GENERATING SPECTRA FROM SIMULATION SNAPSHOT
======================================================================
Snapshot:    data/IllustrisTNG/1P/1P_p1_1/snap_018.hdf5
Snap number: 18
Sightlines:  10000
Resolution:  0.1 km/s/pixel
Random seed: 42
Lines:		Lyman-alpha (H1 1215Å)  

[1/5] Loading snapshot metadata...
Redshift:      z = 4.996
Box size:      6.21 Mpc/h
Gas particles: 16,754,416

[2/5] Setting up sightlines...
Loading sightlines from: output/sightlines/analysis_sightlines_2025-01-28.hdf5
Loaded 10000 sightlines
  Positions range: [0.3, 24998.1] ckpc/h
  Axes: x=3238, y=3440, z=3322

[3/5] Initializing fake_spectra (applying Python 3.13 bugfixes)...
Applied fake_spectra bugfixes for Python 3.13 compatibility
Output will be saved to: /work/11170/roy/CGM/spectra/IllustrisTNG/1P/1P_p1_1/camel_lya_spectra_snap_018_n10000.hdf5

[4/5] Initializing spectra object...
Reloading from snapshot (will save to:  /work/11170/roy/CGM/spectra/IllustrisTNG/1P/1P_p1_1/camel_lya_spectra_snap_018_n10000.hdf5  )
10000  sightlines. resolution:  0.1000004626654167  z= 4.995933468164624
Loaded snapshot 18
Initialized 10000 sightlines
Velocity range: 3885.12 km/s
Resolution: 0.1000 km/s/pixel

[5/5] Computing optical depths...
[1/1] Lyman-alpha (H 1 1215Å)... OK (542.0s, tau=(10000, 38851), colden=(10000, 38851))
  Total computation time: 542.0s

Computing temperature and density in 5 chunks of ~2000 sightlines...
  Total sightlines: 10000
  Chunk size: 2000

  Chunk 1/5: sightlines 0-1999 (2000 sightlines)
    Computing temperature... OK (shape: (2000, 38851))
    Computing density-weighted density... OK (shape: (2000, 38851))

  Chunk 2/5: sightlines 2000-3999 (2000 sightlines)
    Computing temperature... OK (shape: (2000, 38851))
    Computing density-weighted density... OK (shape: (2000, 38851))

  Chunk 3/5: sightlines 4000-5999 (2000 sightlines)
    Computing temperature... OK (shape: (2000, 38851))
    Computing density-weighted density... OK (shape: (2000, 38851))

  Chunk 4/5: sightlines 6000-7999 (2000 sightlines)
    Computing temperature... OK (shape: (2000, 38851))
    Computing density-weighted density... OK (shape: (2000, 38851))

  Chunk 5/5: sightlines 8000-9999 (2000 sightlines)
    Computing temperature... OK (shape: (2000, 38851))
    Computing density-weighted density... OK (shape: (2000, 38851))

  Concatenating 5 chunks...
    Temperature shape: (10000, 38851)
    Density shape: (10000, 38851)
  ✓ Temperature and density computation complete

Saving to HDF5...
Saved to: /work/11170/roy/CGM/spectra/IllustrisTNG/1P/1P_p1_1/camel_lya_spectra_snap_018_n10000.hdf5
Added velocity spacing to header: vmax=3885.12 km/s, dvbin=0.1000 km/s/pixel
Saved sightlines to /Sightlines/ group in spectra file

======================================================================
Spectra saved to:
  /work/11170/roy/CGM/spectra/IllustrisTNG/1P/1P_p1_1/camel_lya_spectra_snap_018_n10000.hdf5
======================================================================

Spectra generation completed successfully

[3/3] Analyzing spectra (OpenMP, 128 threads)...


ERROR: Spectra analysis failed for 1P_p1_1
