========================================
SLURM Job Information
========================================
Job ID: 3228506
Array Task ID: 2
Node: c311-151.ls6.tacc.utexas.edu
Cores: 48
Memory:  MB
Date: Sat Jun 13 00:58:20 CDT 2026
Working directory: /work/11170/roy/CGM

Threads (OpenMP, generate + analyze): 128
Snapshot: snap_018
Sightlines: output/sightlines/analysis_sightlines_2025-01-28.hdf5

Processing simulation: 1P_p1_n1
========================================

[1/3] Activating virtual environment...
Virtual environment activated

[2/3] Generating spectra (OpenMP, 128 threads)...
======================================================================
GENERATING SPECTRA FROM SIMULATION SNAPSHOT
======================================================================
Snapshot:    data/IllustrisTNG/1P/1P_p1_n1/snap_018.hdf5
Snap number: 18
Sightlines:  10000
Resolution:  0.1 km/s/pixel
Random seed: 42
Lines:		Lyman-alpha (H1 1215Å)  

[1/5] Loading snapshot metadata...
Redshift:      z = 4.996
Box size:      6.21 Mpc/h
Gas particles: 16,769,786

[2/5] Setting up sightlines...
Loading sightlines from: output/sightlines/analysis_sightlines_2025-01-28.hdf5
Loaded 10000 sightlines
  Positions range: [0.3, 24998.1] ckpc/h
  Axes: x=3238, y=3440, z=3322

[3/5] Initializing fake_spectra (applying Python 3.13 bugfixes)...
Applied fake_spectra bugfixes for Python 3.13 compatibility
Output will be saved to: /work/11170/roy/CGM/spectra/IllustrisTNG/1P/1P_p1_n1/camel_lya_spectra_snap_018_n10000.hdf5

[4/5] Initializing spectra object...
Reloading from snapshot (will save to:  /work/11170/roy/CGM/spectra/IllustrisTNG/1P/1P_p1_n1/camel_lya_spectra_snap_018_n10000.hdf5  )
10000  sightlines. resolution:  0.10000247436033824  z= 4.995933468164624
Loaded snapshot 18
Initialized 10000 sightlines
Velocity range: 2762.97 km/s
Resolution: 0.1000 km/s/pixel

[5/5] Computing optical depths...
[1/1] Lyman-alpha (H 1 1215Å)... OK (550.4s, tau=(10000, 27629), colden=(10000, 27629))
  Total computation time: 550.4s

Computing temperature and density in 5 chunks of ~2000 sightlines...
  Total sightlines: 10000
  Chunk size: 2000

  Chunk 1/5: sightlines 0-1999 (2000 sightlines)
    Computing temperature... OK (shape: (2000, 27629))
    Computing density-weighted density... OK (shape: (2000, 27629))

  Chunk 2/5: sightlines 2000-3999 (2000 sightlines)
    Computing temperature... OK (shape: (2000, 27629))
    Computing density-weighted density... OK (shape: (2000, 27629))

  Chunk 3/5: sightlines 4000-5999 (2000 sightlines)
    Computing temperature... OK (shape: (2000, 27629))
    Computing density-weighted density... OK (shape: (2000, 27629))

  Chunk 4/5: sightlines 6000-7999 (2000 sightlines)
    Computing temperature... OK (shape: (2000, 27629))
    Computing density-weighted density... OK (shape: (2000, 27629))

  Chunk 5/5: sightlines 8000-9999 (2000 sightlines)
    Computing temperature... OK (shape: (2000, 27629))
    Computing density-weighted density... OK (shape: (2000, 27629))

  Concatenating 5 chunks...
    Temperature shape: (10000, 27629)
    Density shape: (10000, 27629)
  ✓ Temperature and density computation complete

Saving to HDF5...
Saved to: /work/11170/roy/CGM/spectra/IllustrisTNG/1P/1P_p1_n1/camel_lya_spectra_snap_018_n10000.hdf5
Added velocity spacing to header: vmax=2762.97 km/s, dvbin=0.1000 km/s/pixel
Saved sightlines to /Sightlines/ group in spectra file

======================================================================
Spectra saved to:
  /work/11170/roy/CGM/spectra/IllustrisTNG/1P/1P_p1_n1/camel_lya_spectra_snap_018_n10000.hdf5
======================================================================

Spectra generation completed successfully

[3/3] Analyzing spectra (OpenMP, 128 threads)...

======================================================================
ANALYZING LYMAN-ALPHA SPECTRA
======================================================================
Input file: spectra/IllustrisTNG/1P/1P_p1_n1/camel_lya_spectra_snap_018_n10000.hdf5
Workers: 1

[1/5] Loading spectra data...
Auto-detected: Lyman-alpha (H I 1215Å)
  Loaded column density data from colden/H/1
  Using fake_spectra's pre-computed column densities for accuracy
Sightlines: 10000
Pixels: 27629
Redshift: z = 4.996

======================================================================
COMPREHENSIVE ANALYSIS
======================================================================

[1/8] Computing basic flux statistics...
Statistics:
========================================
Mean flux:              0.0145
Median flux:            0.0001
Std dev:                0.0401

Effective tau_eff:        4.2348
Mean tau:                 2225.8926
Median tau:               9.8627

Deep absorption:        6.07%
Moderate absorption:    4.49%
Weak absorption:        0.01%

[2/8] Computing effective optical depth tau_eff...
tau_eff = 4.2029 ± 0.0070
Mean transmitted flux <F> = 0.0150
Using velocity spacing from header: 0.1000 km/s/pixel

[3/8] Computing flux power spectrum P_F(k)...
Computed power spectrum with 13815 k-modes
k range: 0.0023 to 31.41 s/km
Mean flux used: 0.0150

[4/8] Computing column density distribution f(N_HI) using simple method...
Simple pixel optical depth method
Identified 10031 absorbers
Absorption path length: dX = 37.25 Mpc (comoving)
Power law index β = -1.44

[4b/8] Computing line width distribution b(N_HI)...
Identified 377032 absorbers with b-parameters
Median b-parameter: 80.0 km/s
Mean b-parameter: 80.0 ± 0.0 km/s
Implied temperature: 81920 × 10³ K

[4c/8] Checking for temperature-density data...
Found temperature and density data - using chunked processing...
Processing T-ρ data: 10,000 sightlines × 27,629 pixels
Using chunk size: 1000
  Processing chunk 1/10 (0-1,000)
  Processing chunk 2/10 (1,000-2,000)
  Processing chunk 3/10 (2,000-3,000)
  Processing chunk 4/10 (3,000-4,000)
  Processing chunk 5/10 (4,000-5,000)
  Processing chunk 6/10 (5,000-6,000)
  Processing chunk 7/10 (6,000-7,000)
  Processing chunk 8/10 (7,000-8,000)
  Processing chunk 9/10 (8,000-9,000)
  Processing chunk 10/10 (9,000-10,000)
  Total valid pixels: 276,288,500
  Valid pixels: 276,288,500
  T_0 (at mean density): 10398 K
  gamma (polytropic index): 1.045

[4d/8] Checking for multi-line data...
Only single line available - skipping multi-line analysis

[5/8] Setting up plots...

[6/8] Creating comprehensive analysis plots...
  Saved: /work/11170/roy/CGM/plots/IllustrisTNG/1P/1P_p1_n1/camel_sample_spectra_snap_018.png
[a] Sample spectra: /work/11170/roy/CGM/plots/IllustrisTNG/1P/1P_p1_n1/camel_sample_spectra_snap_018.png
  Saved: /work/11170/roy/CGM/plots/IllustrisTNG/1P/1P_p1_n1/camel_power_spectrum_snap_018.png
[b] Power spectrum: /work/11170/roy/CGM/plots/IllustrisTNG/1P/1P_p1_n1/camel_power_spectrum_snap_018.png
  Saved: /work/11170/roy/CGM/plots/IllustrisTNG/1P/1P_p1_n1/camel_cddf_snap_018.png
[c] CDDF: /work/11170/roy/CGM/plots/IllustrisTNG/1P/1P_p1_n1/camel_cddf_snap_018.png
  Saved: /work/11170/roy/CGM/plots/IllustrisTNG/1P/1P_p1_n1/camel_line_widths_snap_018.png
[d] Line widths: /work/11170/roy/CGM/plots/IllustrisTNG/1P/1P_p1_n1/camel_line_widths_snap_018.png
  Saved: /work/11170/roy/CGM/plots/IllustrisTNG/1P/1P_p1_n1/camel_temp_density_snap_018.png
[e] T-ρ relation: /work/11170/roy/CGM/plots/IllustrisTNG/1P/1P_p1_n1/camel_temp_density_snap_018.png

[7/8] Creating detailed statistics plots...
  [d] Statistics: /work/11170/roy/CGM/plots/IllustrisTNG/1P/1P_p1_n1/camel_statistics_snap_018.png

[8] Creating diagnostic plots from snapshot
----------------------------------------------------------------------
Snapshot file not found (tried snap_018.hdf5)
Skipping diagnostic plots

[9/8] Exporting analysis results...
Saved 5 CSV data files to: /work/11170/roy/CGM/output/analysis/IllustrisTNG/1P/1P_p1_n1/snap-018
Exported analysis data to: /work/11170/roy/CGM/output/analysis/IllustrisTNG/1P/1P_p1_n1/snap-018

======================================================================
COMPREHENSIVE ANALYSIS COMPLETE
======================================================================

Key Results:
Mean flux <F>:           0.0150
Effective tau tau_eff:     4.2029 ± 0.0070
Number of absorbers:     10031
CDDF power law β:        -1.44
Mean b-parameter:        80.0 ± 0.0 km/s
Implied temperature:     81920 × 10³ K
T_0 (at mean density):    10398 K
gamma (polytropic index):    1.045

Plots saved to: /work/11170/roy/CGM/plots
- Sample spectra
- Flux power spectrum P_F(k)
- Column density distribution f(N_HI)
- Line width distribution b(N_HI)
- Temperature-density relation T(ρ)
- Detailed statistics

Data exported to: /work/11170/roy/CGM/output/analysis/IllustrisTNG/1P/1P_p1_n1/snap-018
- power_spectrum.csv
- cddf.csv
- flux_stats.csv
- line_widths.csv
- temp_density.csv
======================================================================

========================================
Simulation 1P_p1_n1 (snap_018) completed successfully!
Finished at: Sat Jun 13 01:50:06 CDT 2026
========================================
