========================================
SLURM Job Information
========================================
Job ID: 3228610
Array Task ID: 1
Node: c311-121.ls6.tacc.utexas.edu
Cores: 48
Memory:  MB
Date: Sat Jun 13 02:45:35 CDT 2026
Working directory: /work/11170/roy/CGM

Threads (OpenMP, generate + analyze): 128
Snapshot: snap_044
Sightlines: output/sightlines/analysis_sightlines_2025-01-28.hdf5

Processing simulation: 1P_p1_n2
========================================

[1/3] Activating virtual environment...
Virtual environment activated

[2/3] Generating spectra (OpenMP, 128 threads)...
======================================================================
GENERATING SPECTRA FROM SIMULATION SNAPSHOT
======================================================================
Snapshot:    data/IllustrisTNG/1P/1P_p1_n2/snap_044.hdf5
Snap number: 44
Sightlines:  10000
Resolution:  0.1 km/s/pixel
Random seed: 42
Lines:		Lyman-alpha (H1 1215Å)  

[1/5] Loading snapshot metadata...
Redshift:      z = 2.002
Box size:      12.41 Mpc/h
Gas particles: 16,621,592

[2/5] Setting up sightlines...
Loading sightlines from: output/sightlines/analysis_sightlines_2025-01-28.hdf5
Loaded 10000 sightlines
  Positions range: [0.3, 24998.1] ckpc/h
  Axes: x=3238, y=3440, z=3322

[3/5] Initializing fake_spectra (applying Python 3.13 bugfixes)...
Applied fake_spectra bugfixes for Python 3.13 compatibility
Output will be saved to: /work/11170/roy/CGM/spectra/IllustrisTNG/1P/1P_p1_n2/camel_lya_spectra_snap_044_n10000.hdf5

[4/5] Initializing spectra object...
Reloading from snapshot (will save to:  /work/11170/roy/CGM/spectra/IllustrisTNG/1P/1P_p1_n2/camel_lya_spectra_snap_044_n10000.hdf5  )
10000  sightlines. resolution:  0.10000459844219214  z= 2.0020281392528516
Loaded snapshot 44
Initialized 10000 sightlines
Velocity range: 1581.27 km/s
Resolution: 0.1000 km/s/pixel

[5/5] Computing optical depths...
[1/1] Lyman-alpha (H 1 1215Å)... OK (212.6s, tau=(10000, 15812), colden=(10000, 15812))
  Total computation time: 212.6s

Computing temperature and density in 5 chunks of ~2000 sightlines...
  Total sightlines: 10000
  Chunk size: 2000

  Chunk 1/5: sightlines 0-1999 (2000 sightlines)
    Computing temperature... OK (shape: (2000, 15812))
    Computing density-weighted density... OK (shape: (2000, 15812))

  Chunk 2/5: sightlines 2000-3999 (2000 sightlines)
    Computing temperature... OK (shape: (2000, 15812))
    Computing density-weighted density... OK (shape: (2000, 15812))

  Chunk 3/5: sightlines 4000-5999 (2000 sightlines)
    Computing temperature... OK (shape: (2000, 15812))
    Computing density-weighted density... OK (shape: (2000, 15812))

  Chunk 4/5: sightlines 6000-7999 (2000 sightlines)
    Computing temperature... OK (shape: (2000, 15812))
    Computing density-weighted density... OK (shape: (2000, 15812))

  Chunk 5/5: sightlines 8000-9999 (2000 sightlines)
    Computing temperature... OK (shape: (2000, 15812))
    Computing density-weighted density... OK (shape: (2000, 15812))

  Concatenating 5 chunks...
    Temperature shape: (10000, 15812)
    Density shape: (10000, 15812)
  ✓ Temperature and density computation complete

Saving to HDF5...
Error saving file: [Errno 122] Can't synchronously write data (file write failed: time = Sat Jun 13 02:51:47 2026
, filename = '/work/11170/roy/CGM/spectra/IllustrisTNG/1P/1P_p1_n2/camel_lya_spectra_snap_044_n10000.hdf5', file descriptor = 4, errno = 122, error message = 'Disk quota exceeded', buf = 0x1455514ffa50, total write size = 1257224128, bytes this sub-write = 1257224128, offset = 8024064)

ERROR: Spectra generation failed for 1P_p1_n2
