========================================
SLURM Job Information
========================================
Job ID: 2901132
Array Task ID: 20
Node: c302-023.ls6.tacc.utexas.edu
Date: Sun Feb  1 09:02:32 CST 2026
Working directory: /work/11170/roy/CGM

Processing simulation: 1P_p8_2
========================================

[1/2] Activating virtual environment...
Virtual environment activated

[2/2] Generating spectra...
Command: python analyze_spectra.py generate 'data/IllustrisTNG/1P/1P_p8_2/snap_080.hdf5' --sightlines-from 'output/sightlines/sightlines-10000_2026-01-30.hdf5'

======================================================================
GENERATING SPECTRA FROM SIMULATION SNAPSHOT
======================================================================
Snapshot:    data/IllustrisTNG/1P/1P_p8_2/snap_080.hdf5
Snap number: 80
Sightlines:  100
Resolution:  0.1 km/s/pixel
Random seed: 42
Lines:		Lyman-alpha (H1 1215Å)  

[1/5] Loading snapshot metadata...
Redshift:      z = 0.270
Box size:      22.61 Mpc/h
Gas particles: 16,108,094

[2/5] Setting up sightlines...
Loading sightlines from: output/sightlines/sightlines-10000_2026-01-30.hdf5
Loaded 10000 sightlines
  Positions range: [0.3, 24998.1] ckpc/h
  Axes: x=3238, y=3440, z=3322

[3/5] Initializing fake_spectra (applying Python 3.13 bugfixes)...
Applied fake_spectra bugfixes for Python 3.13 compatibility
Output will be saved to: /work/11170/roy/CGM/spectra/IllustrisTNG/1P/1P_p8_2/camel_lya_spectra_snap_080_n10000.hdf5

[4/5] Initializing spectra object...
Reloading from snapshot (will save to:  /work/11170/roy/CGM/spectra/IllustrisTNG/1P/1P_p8_2/camel_lya_spectra_snap_080_n10000.hdf5  )
10000  sightlines. resolution:  0.10000238875237907  z= 0.2695879598716575
Loaded snapshot 80
Initialized 10000 sightlines
Velocity range: 2257.15 km/s
Resolution: 0.1000 km/s/pixel

[5/5] Computing optical depths...
[1/1] Lyman-alpha (H 1 1215Å)... OK (8961.8s, tau=(10000, 22571), colden=(10000, 22571))
  Total computation time: 8961.8s

Computing temperature and density in 5 chunks of ~2000 sightlines...
  Total sightlines: 10000
  Chunk size: 2000

  Chunk 1/5: sightlines 0-1999 (2000 sightlines)
    Computing temperature... OK (shape: (2000, 22571))
    Computing density-weighted density... OK (shape: (2000, 22571))

  Chunk 2/5: sightlines 2000-3999 (2000 sightlines)
    Computing temperature... OK (shape: (2000, 22571))
    Computing density-weighted density... OK (shape: (2000, 22571))

  Chunk 3/5: sightlines 4000-5999 (2000 sightlines)
    Computing temperature... OK (shape: (2000, 22571))
    Computing density-weighted density... OK (shape: (2000, 22571))

  Chunk 4/5: sightlines 6000-7999 (2000 sightlines)
    Computing temperature... OK (shape: (2000, 22571))
    Computing density-weighted density... OK (shape: (2000, 22571))

  Chunk 5/5: sightlines 8000-9999 (2000 sightlines)
    Computing temperature... OK (shape: (2000, 22571))
    Computing density-weighted density... OK (shape: (2000, 22571))

  Concatenating 5 chunks...
    Temperature shape: (10000, 22571)
    Density shape: (10000, 22571)
  ✓ Temperature and density computation complete

Saving to HDF5...
Saved to: /work/11170/roy/CGM/spectra/IllustrisTNG/1P/1P_p8_2/camel_lya_spectra_snap_080_n10000.hdf5
Saved sightlines to /Sightlines/ group in spectra file

======================================================================
Spectra saved to:
  /work/11170/roy/CGM/spectra/IllustrisTNG/1P/1P_p8_2/camel_lya_spectra_snap_080_n10000.hdf5
======================================================================

Spectra generation completed successfully

[3/2] Analyzing spectra...
Command: python analyze_spectra.py analyze 'spectra/IllustrisTNG/1P/1P_p8_2/camel_lya_spectra_snap_080_n10000.hdf5'

======================================================================
ANALYZING LYMAN-ALPHA SPECTRA
======================================================================
Input file: spectra/IllustrisTNG/1P/1P_p8_2/camel_lya_spectra_snap_080_n10000.hdf5

[1/5] Loading spectra data...
Auto-detected: Lyman-alpha (H I 1215Å)
  Loaded column density data from colden/H/1
  Using fake_spectra's pre-computed column densities for accuracy
Sightlines: 10000
Pixels: 22571
Redshift: z = 0.270

======================================================================
COMPREHENSIVE ANALYSIS
======================================================================

[1/8] Computing basic flux statistics...
Statistics:
========================================
Mean flux:              0.9311
Median flux:            0.9924
Std dev:                0.1716

Effective tau_eff:        0.0714
Mean tau:                 1087.1703
Median tau:               0.0076

Deep absorption:        1.43%
Moderate absorption:    2.75%
Weak absorption:        95.81%

[2/8] Computing effective optical depth tau_eff...
tau_eff = 0.0714 ± 0.0026
Mean transmitted flux <F> = 0.9311

[3/8] Computing flux power spectrum P_F(k)...
Computed power spectrum with 11286 k-modes
k range: 0.0004 to 5.00 s/km
Mean flux used: 0.9311

[4/8] Computing column density distribution f(N_HI) using simple method...
Simple pixel optical depth method
Identified 12699 absorbers
Power law index β = 0.66

[4b/8] Computing line width distribution b(N_HI)...
Identified 15639 absorbers with b-parameters
Median b-parameter: 27.6 km/s
Mean b-parameter: 31.7 ± 13.5 km/s
Implied temperature: 12860 × 10³ K

[4c/8] Checking for temperature-density data...
Found temperature and density data - computing T-ρ relation...
Valid pixels: 33,985,837
T_0 (at mean density): 15912 K
gamma (polytropic index): 1.111 ± 0.389

[4d/8] Checking for multi-line data...
Only single line available - skipping multi-line analysis

[5/8] Setting up plots...

[6/8] Creating comprehensive analysis plots...
  Saved: /work/11170/roy/CGM/plots/IllustrisTNG/1P/1P_p8_2/camel_sample_spectra_snap_080.png
[a] Sample spectra: /work/11170/roy/CGM/plots/IllustrisTNG/1P/1P_p8_2/camel_sample_spectra_snap_080.png
  Saved: /work/11170/roy/CGM/plots/IllustrisTNG/1P/1P_p8_2/camel_power_spectrum_snap_080.png
[b] Power spectrum: /work/11170/roy/CGM/plots/IllustrisTNG/1P/1P_p8_2/camel_power_spectrum_snap_080.png
  Saved: /work/11170/roy/CGM/plots/IllustrisTNG/1P/1P_p8_2/camel_cddf_snap_080.png
[c] CDDF: /work/11170/roy/CGM/plots/IllustrisTNG/1P/1P_p8_2/camel_cddf_snap_080.png
  Saved: /work/11170/roy/CGM/plots/IllustrisTNG/1P/1P_p8_2/camel_line_widths_snap_080.png
[d] Line widths: /work/11170/roy/CGM/plots/IllustrisTNG/1P/1P_p8_2/camel_line_widths_snap_080.png
  Saved: /work/11170/roy/CGM/plots/IllustrisTNG/1P/1P_p8_2/camel_temp_density_snap_080.png
[e] T-ρ relation: /work/11170/roy/CGM/plots/IllustrisTNG/1P/1P_p8_2/camel_temp_density_snap_080.png

[7/8] Creating detailed statistics plots...
  [d] Statistics: /work/11170/roy/CGM/plots/IllustrisTNG/1P/1P_p8_2/camel_statistics_snap_080.png

[8] Creating diagnostic plots from snapshot
----------------------------------------------------------------------
Snapshot file not found (tried snap_080.hdf5)
Skipping diagnostic plots

[9/8] Exporting analysis results...
Saved analysis results (JSON): /work/11170/roy/CGM/output/analysis/IllustrisTNG/1P/1P_p8_2/snap-080/analysis_results.json
Warning: Could not export analysis data: All arrays must be of the same length
(Analysis completed successfully, but data export failed)

======================================================================
COMPREHENSIVE ANALYSIS COMPLETE
======================================================================

Key Results:
Mean flux <F>:           0.9311
Effective tau tau_eff:     0.0714 ± 0.0026
Number of absorbers:     12699
CDDF power law β:        0.66
Mean b-parameter:        31.7 ± 13.5 km/s
Implied temperature:     12860 × 10³ K
T_0 (at mean density):    15912 K
gamma (polytropic index):    1.111

Plots saved to: /work/11170/roy/CGM/plots
- Sample spectra
- Flux power spectrum P_F(k)
- Column density distribution f(N_HI)
- Line width distribution b(N_HI)
- Temperature-density relation T(ρ)
- Detailed statistics

Data exported to: /work/11170/roy/CGM/output/analysis/IllustrisTNG/1P/1P_p8_2/snap-080
- analysis_results.json
- power_spectrum.csv
- cddf.csv
- flux_stats.csv
- line_widths.csv
- temp_density.csv
======================================================================

========================================
Simulation 1P_p8_2 completed successfully!
Finished at: Sun Feb  1 11:37:49 CST 2026
========================================
