========================================
SLURM Job Information
========================================
Job ID: 2911585
Array Task ID: 24
Node: c312-134.ls6.tacc.utexas.edu
Date: Thu Feb  5 17:51:28 CST 2026
Working directory: /work/11170/roy/CGM

Processing simulation: 1P_p9_1
========================================

[0/2] Activating virtual environment...
Virtual environment activated

[2/2] Analyzing spectra...
Command: python analyze_spectra.py analyze 'spectra/IllustrisTNG/1P/1P_p9_1/camel_lya_spectra_snap_080_n10000.hdf5'

======================================================================
ANALYZING LYMAN-ALPHA SPECTRA
======================================================================
Input file: spectra/IllustrisTNG/1P/1P_p9_1/camel_lya_spectra_snap_080_n10000.hdf5

[1/5] Loading spectra data...
Auto-detected: Lyman-alpha (H I 1215Å)
  Loaded column density data from colden/H/1
  Using fake_spectra's pre-computed column densities for accuracy
Sightlines: 10000
Pixels: 22571
Redshift: z = 0.270

======================================================================
COMPREHENSIVE ANALYSIS
======================================================================

[1/8] Computing basic flux statistics...
Statistics:
========================================
Mean flux:              0.9556
Median flux:            0.9965
Std dev:                0.1326

Effective tau_eff:        0.0454
Mean tau:                 213.7980
Median tau:               0.0036

Deep absorption:        0.70%
Moderate absorption:    1.66%
Weak absorption:        97.64%

[2/8] Computing effective optical depth tau_eff...
tau_eff = 0.0454 ± 0.0007
Mean transmitted flux <F> = 0.9556
Warning: Could not load/compute velocity spacing: 'Unable to synchronously open object (invalid identifier type to function)'
Falling back to default: 0.1 km/s/pixel (may be inaccurate!)

[3/8] Computing flux power spectrum P_F(k)...
Computed power spectrum with 11286 k-modes
k range: 0.0004 to 5.00 s/km
Mean flux used: 0.9556

[4/8] Computing column density distribution f(N_HI) using simple method...
Simple pixel optical depth method
Identified 6967 absorbers
Absorption path length: dX = 37.25 Mpc (comoving)
Power law index β = 0.63

[4b/8] Computing line width distribution b(N_HI)...
Identified 8784 absorbers with b-parameters
Median b-parameter: 28.6 km/s
Mean b-parameter: 32.6 ± 13.8 km/s
Implied temperature: 13608 × 10³ K

[4c/8] Checking for temperature-density data...
Found temperature and density data - computing T-ρ relation...
Valid pixels: 23,039,495
T_0 (at mean density): 14532 K
gamma (polytropic index): 1.168 ± 0.404

[4d/8] Checking for multi-line data...
Only single line available - skipping multi-line analysis

[5/8] Setting up plots...

[6/8] Creating comprehensive analysis plots...
  Saved: /work/11170/roy/CGM/plots/IllustrisTNG/1P/1P_p9_1/camel_sample_spectra_snap_080.png
[a] Sample spectra: /work/11170/roy/CGM/plots/IllustrisTNG/1P/1P_p9_1/camel_sample_spectra_snap_080.png
  Saved: /work/11170/roy/CGM/plots/IllustrisTNG/1P/1P_p9_1/camel_power_spectrum_snap_080.png
[b] Power spectrum: /work/11170/roy/CGM/plots/IllustrisTNG/1P/1P_p9_1/camel_power_spectrum_snap_080.png
  Saved: /work/11170/roy/CGM/plots/IllustrisTNG/1P/1P_p9_1/camel_cddf_snap_080.png
[c] CDDF: /work/11170/roy/CGM/plots/IllustrisTNG/1P/1P_p9_1/camel_cddf_snap_080.png
  Saved: /work/11170/roy/CGM/plots/IllustrisTNG/1P/1P_p9_1/camel_line_widths_snap_080.png
[d] Line widths: /work/11170/roy/CGM/plots/IllustrisTNG/1P/1P_p9_1/camel_line_widths_snap_080.png
  Saved: /work/11170/roy/CGM/plots/IllustrisTNG/1P/1P_p9_1/camel_temp_density_snap_080.png
[e] T-ρ relation: /work/11170/roy/CGM/plots/IllustrisTNG/1P/1P_p9_1/camel_temp_density_snap_080.png

[7/8] Creating detailed statistics plots...
  [d] Statistics: /work/11170/roy/CGM/plots/IllustrisTNG/1P/1P_p9_1/camel_statistics_snap_080.png

[8] Creating diagnostic plots from snapshot
----------------------------------------------------------------------
Snapshot file not found (tried snap_080.hdf5)
Skipping diagnostic plots

[9/8] Exporting analysis results...
Warning: Could not export analysis data: object of type 'NoneType' has no len()
(Analysis completed successfully, but data export failed)

======================================================================
COMPREHENSIVE ANALYSIS COMPLETE
======================================================================

Key Results:
Mean flux <F>:           0.9556
Effective tau tau_eff:     0.0454 ± 0.0007
Number of absorbers:     6967
CDDF power law β:        0.63
Mean b-parameter:        32.6 ± 13.8 km/s
Implied temperature:     13608 × 10³ K
T_0 (at mean density):    14532 K
gamma (polytropic index):    1.168

Plots saved to: /work/11170/roy/CGM/plots
- Sample spectra
- Flux power spectrum P_F(k)
- Column density distribution f(N_HI)
- Line width distribution b(N_HI)
- Temperature-density relation T(ρ)
- Detailed statistics

Data exported to: /work/11170/roy/CGM/output/analysis/IllustrisTNG/1P/1P_p9_1/snap-080
- power_spectrum.csv
- cddf.csv
- flux_stats.csv
- line_widths.csv
- temp_density.csv
======================================================================

========================================
Simulation 1P_p9_1 completed successfully!
Finished at: Thu Feb  5 17:54:14 CST 2026
========================================
