========================================
SLURM Job Information
========================================
Job ID: 2911304
Array Task ID: 2
Node: c314-183.ls6.tacc.utexas.edu
Date: Thu Feb  5 15:53:02 CST 2026
Working directory: /work/11170/roy/CGM

Processing simulation: 1P_p1_n1
========================================

[0/2] Activating virtual environment...
Virtual environment activated

[2/2] Analyzing spectra...
Command: python analyze_spectra.py analyze 'spectra/IllustrisTNG/1P/1P_p1_n1/camel_lya_spectra_snap_080_n10000.hdf5'

======================================================================
ANALYZING LYMAN-ALPHA SPECTRA
======================================================================
Input file: spectra/IllustrisTNG/1P/1P_p1_n1/camel_lya_spectra_snap_080_n10000.hdf5

[1/5] Loading spectra data...
Auto-detected: Lyman-alpha (H I 1215Å)
  Loaded column density data from colden/H/1
  Using fake_spectra's pre-computed column densities for accuracy
Sightlines: 10000
Pixels: 21654
Redshift: z = 0.270

======================================================================
COMPREHENSIVE ANALYSIS
======================================================================

[1/8] Computing basic flux statistics...
Statistics:
========================================
Mean flux:              0.9413
Median flux:            0.9930
Std dev:                0.1579

Effective tau_eff:        0.0605
Mean tau:                 252.3342
Median tau:               0.0070

Deep absorption:        1.20%
Moderate absorption:    2.26%
Weak absorption:        96.54%

[2/8] Computing effective optical depth tau_eff...
tau_eff = 0.0605 ± 0.0008
Mean transmitted flux <F> = 0.9413
Warning: Could not load/compute velocity spacing: 'Unable to synchronously open object (invalid identifier type to function)'
Falling back to default: 0.1 km/s/pixel (may be inaccurate!)

[3/8] Computing flux power spectrum P_F(k)...
Computed power spectrum with 10828 k-modes
k range: 0.0005 to 5.00 s/km
Mean flux used: 0.9413

[4/8] Computing column density distribution f(N_HI) using simple method...
Simple pixel optical depth method
Identified 11492 absorbers
Absorption path length: dX = 37.25 Mpc (comoving)
Power law index β = 0.67

[4b/8] Computing line width distribution b(N_HI)...
Identified 13944 absorbers with b-parameters
Median b-parameter: 25.8 km/s
Mean b-parameter: 29.7 ± 12.5 km/s
Implied temperature: 11273 × 10³ K

[4c/8] Checking for temperature-density data...
Found temperature and density data - computing T-ρ relation...
Valid pixels: 26,997,869
T_0 (at mean density): 12174 K
gamma (polytropic index): 1.206 ± 0.398

[4d/8] Checking for multi-line data...
Only single line available - skipping multi-line analysis

[5/8] Setting up plots...

[6/8] Creating comprehensive analysis plots...
  Saved: /work/11170/roy/CGM/plots/IllustrisTNG/1P/1P_p1_n1/camel_sample_spectra_snap_080.png
[a] Sample spectra: /work/11170/roy/CGM/plots/IllustrisTNG/1P/1P_p1_n1/camel_sample_spectra_snap_080.png
  Saved: /work/11170/roy/CGM/plots/IllustrisTNG/1P/1P_p1_n1/camel_power_spectrum_snap_080.png
[b] Power spectrum: /work/11170/roy/CGM/plots/IllustrisTNG/1P/1P_p1_n1/camel_power_spectrum_snap_080.png
  Saved: /work/11170/roy/CGM/plots/IllustrisTNG/1P/1P_p1_n1/camel_cddf_snap_080.png
[c] CDDF: /work/11170/roy/CGM/plots/IllustrisTNG/1P/1P_p1_n1/camel_cddf_snap_080.png
  Saved: /work/11170/roy/CGM/plots/IllustrisTNG/1P/1P_p1_n1/camel_line_widths_snap_080.png
[d] Line widths: /work/11170/roy/CGM/plots/IllustrisTNG/1P/1P_p1_n1/camel_line_widths_snap_080.png
  Saved: /work/11170/roy/CGM/plots/IllustrisTNG/1P/1P_p1_n1/camel_temp_density_snap_080.png
[e] T-ρ relation: /work/11170/roy/CGM/plots/IllustrisTNG/1P/1P_p1_n1/camel_temp_density_snap_080.png

[7/8] Creating detailed statistics plots...
  [d] Statistics: /work/11170/roy/CGM/plots/IllustrisTNG/1P/1P_p1_n1/camel_statistics_snap_080.png

[8] Creating diagnostic plots from snapshot
----------------------------------------------------------------------
Snapshot file not found (tried snap_080.hdf5)
Skipping diagnostic plots

[9/8] Exporting analysis results...
Warning: Could not export analysis data: object of type 'NoneType' has no len()
(Analysis completed successfully, but data export failed)

======================================================================
COMPREHENSIVE ANALYSIS COMPLETE
======================================================================

Key Results:
Mean flux <F>:           0.9413
Effective tau tau_eff:     0.0605 ± 0.0008
Number of absorbers:     11492
CDDF power law β:        0.67
Mean b-parameter:        29.7 ± 12.5 km/s
Implied temperature:     11273 × 10³ K
T_0 (at mean density):    12174 K
gamma (polytropic index):    1.206

Plots saved to: /work/11170/roy/CGM/plots
- Sample spectra
- Flux power spectrum P_F(k)
- Column density distribution f(N_HI)
- Line width distribution b(N_HI)
- Temperature-density relation T(ρ)
- Detailed statistics

Data exported to: /work/11170/roy/CGM/output/analysis/IllustrisTNG/1P/1P_p1_n1/snap-080
- power_spectrum.csv
- cddf.csv
- flux_stats.csv
- line_widths.csv
- temp_density.csv
======================================================================

========================================
Simulation 1P_p1_n1 completed successfully!
Finished at: Thu Feb  5 15:55:55 CST 2026
========================================
