========================================
SLURM Job Information
========================================
Job ID: 2911311
Array Task ID: 4
Node: c314-183.ls6.tacc.utexas.edu
Date: Thu Feb  5 15:59:43 CST 2026
Working directory: /work/11170/roy/CGM

Processing simulation: 1P_p1_1
========================================

[0/2] Activating virtual environment...
Virtual environment activated

[2/2] Analyzing spectra...
Command: python analyze_spectra.py analyze 'spectra/IllustrisTNG/1P/1P_p1_1/camel_lya_spectra_snap_080_n10000.hdf5'

======================================================================
ANALYZING LYMAN-ALPHA SPECTRA
======================================================================
Input file: spectra/IllustrisTNG/1P/1P_p1_1/camel_lya_spectra_snap_080_n10000.hdf5

[1/5] Loading spectra data...
Auto-detected: Lyman-alpha (H I 1215Å)
  Loaded column density data from colden/H/1
  Using fake_spectra's pre-computed column densities for accuracy
Sightlines: 10000
Pixels: 23453
Redshift: z = 0.270

======================================================================
COMPREHENSIVE ANALYSIS
======================================================================

[1/8] Computing basic flux statistics...
Statistics:
========================================
Mean flux:              0.9603
Median flux:            0.9969
Std dev:                0.1220

Effective tau_eff:        0.0405
Mean tau:                 287.0000
Median tau:               0.0031

Deep absorption:        0.53%
Moderate absorption:    1.44%
Weak absorption:        98.02%

[2/8] Computing effective optical depth tau_eff...
tau_eff = 0.0405 ± 0.0008
Mean transmitted flux <F> = 0.9603
Warning: Could not load/compute velocity spacing: 'Unable to synchronously open object (invalid identifier type to function)'
Falling back to default: 0.1 km/s/pixel (may be inaccurate!)

[3/8] Computing flux power spectrum P_F(k)...
Computed power spectrum with 11727 k-modes
k range: 0.0004 to 5.00 s/km
Mean flux used: 0.9603

[4/8] Computing column density distribution f(N_HI) using simple method...
Simple pixel optical depth method
Identified 5602 absorbers
Absorption path length: dX = 37.25 Mpc (comoving)
Power law index β = 0.67

[4b/8] Computing line width distribution b(N_HI)...
Identified 7206 absorbers with b-parameters
Median b-parameter: 29.6 km/s
Mean b-parameter: 33.6 ± 14.2 km/s
Implied temperature: 14441 × 10³ K

[4c/8] Checking for temperature-density data...
Found temperature and density data - computing T-ρ relation...
Valid pixels: 21,819,994
T_0 (at mean density): 15968 K
gamma (polytropic index): 1.175 ± 0.437

[4d/8] Checking for multi-line data...
Only single line available - skipping multi-line analysis

[5/8] Setting up plots...

[6/8] Creating comprehensive analysis plots...
  Saved: /work/11170/roy/CGM/plots/IllustrisTNG/1P/1P_p1_1/camel_sample_spectra_snap_080.png
[a] Sample spectra: /work/11170/roy/CGM/plots/IllustrisTNG/1P/1P_p1_1/camel_sample_spectra_snap_080.png
  Saved: /work/11170/roy/CGM/plots/IllustrisTNG/1P/1P_p1_1/camel_power_spectrum_snap_080.png
[b] Power spectrum: /work/11170/roy/CGM/plots/IllustrisTNG/1P/1P_p1_1/camel_power_spectrum_snap_080.png
  Saved: /work/11170/roy/CGM/plots/IllustrisTNG/1P/1P_p1_1/camel_cddf_snap_080.png
[c] CDDF: /work/11170/roy/CGM/plots/IllustrisTNG/1P/1P_p1_1/camel_cddf_snap_080.png
  Saved: /work/11170/roy/CGM/plots/IllustrisTNG/1P/1P_p1_1/camel_line_widths_snap_080.png
[d] Line widths: /work/11170/roy/CGM/plots/IllustrisTNG/1P/1P_p1_1/camel_line_widths_snap_080.png
  Saved: /work/11170/roy/CGM/plots/IllustrisTNG/1P/1P_p1_1/camel_temp_density_snap_080.png
[e] T-ρ relation: /work/11170/roy/CGM/plots/IllustrisTNG/1P/1P_p1_1/camel_temp_density_snap_080.png

[7/8] Creating detailed statistics plots...
  [d] Statistics: /work/11170/roy/CGM/plots/IllustrisTNG/1P/1P_p1_1/camel_statistics_snap_080.png

[8] Creating diagnostic plots from snapshot
----------------------------------------------------------------------
Snapshot file not found (tried snap_080.hdf5)
Skipping diagnostic plots

[9/8] Exporting analysis results...
Warning: Could not export analysis data: object of type 'NoneType' has no len()
(Analysis completed successfully, but data export failed)

======================================================================
COMPREHENSIVE ANALYSIS COMPLETE
======================================================================

Key Results:
Mean flux <F>:           0.9603
Effective tau tau_eff:     0.0405 ± 0.0008
Number of absorbers:     5602
CDDF power law β:        0.67
Mean b-parameter:        33.6 ± 14.2 km/s
Implied temperature:     14441 × 10³ K
T_0 (at mean density):    15968 K
gamma (polytropic index):    1.175

Plots saved to: /work/11170/roy/CGM/plots
- Sample spectra
- Flux power spectrum P_F(k)
- Column density distribution f(N_HI)
- Line width distribution b(N_HI)
- Temperature-density relation T(ρ)
- Detailed statistics

Data exported to: /work/11170/roy/CGM/output/analysis/IllustrisTNG/1P/1P_p1_1/snap-080
- power_spectrum.csv
- cddf.csv
- flux_stats.csv
- line_widths.csv
- temp_density.csv
======================================================================

========================================
Simulation 1P_p1_1 completed successfully!
Finished at: Thu Feb  5 16:02:18 CST 2026
========================================
