
=== matter P(k), snap_014 ===
 scan p1
  1P_p1_n2 snap_014: z=5.978, nk=38, Omega0=0.1, sigma8=0.8
  1P_p1_n1 snap_014: z=5.978, nk=38, Omega0=0.2, sigma8=0.8
  1P_p1_0 snap_014: z=5.994, nk=38, Omega0=0.3, sigma8=0.8
  1P_p1_1 snap_014: z=5.994, nk=38, Omega0=0.4, sigma8=0.8
  1P_p1_2 snap_014: z=5.994, nk=38, Omega0=0.5, sigma8=0.8
 scan p2
  1P_p2_n2 snap_014: z=5.978, nk=38, Omega0=0.3, sigma8=0.6
  1P_p2_n1 snap_014: z=5.978, nk=38, Omega0=0.3, sigma8=0.7
  1P_p2_0 snap_014: z=5.994, nk=38, Omega0=0.3, sigma8=0.8
  1P_p2_1 snap_014: z=5.994, nk=38, Omega0=0.3, sigma8=0.9
  1P_p2_2 snap_014: z=5.994, nk=38, Omega0=0.3, sigma8=1.0
  saved plots/matter_pk_test/Pk_snap_014.png
  saved plots/matter_pk_test/Pk_ratio_snap_014.png

=== matter P(k), snap_018 ===
 scan p1
  1P_p1_n2 snap_018: z=4.996, nk=38, Omega0=0.1, sigma8=0.8
  1P_p1_n1 snap_018: z=4.996, nk=38, Omega0=0.2, sigma8=0.8
  1P_p1_0 snap_018: z=4.996, nk=38, Omega0=0.3, sigma8=0.8
  1P_p1_1 snap_018: z=4.996, nk=38, Omega0=0.4, sigma8=0.8
  1P_p1_2 snap_018: z=4.996, nk=38, Omega0=0.5, sigma8=0.8
 scan p2
  1P_p2_n2 snap_018: z=4.996, nk=38, Omega0=0.3, sigma8=0.6
  1P_p2_n1 snap_018: z=4.996, nk=38, Omega0=0.3, sigma8=0.7
  1P_p2_0 snap_018: z=4.996, nk=38, Omega0=0.3, sigma8=0.8
  1P_p2_1 snap_018: z=4.996, nk=38, Omega0=0.3, sigma8=0.9
  1P_p2_2 snap_018: z=4.996, nk=38, Omega0=0.3, sigma8=1.0
  saved plots/matter_pk_test/Pk_snap_018.png
  saved plots/matter_pk_test/Pk_ratio_snap_018.png

=== matter P(k), snap_024 ===
 scan p1
  1P_p1_n2 snap_024: z=3.996, nk=38, Omega0=0.1, sigma8=0.8
  1P_p1_n1 snap_024: z=3.996, nk=38, Omega0=0.2, sigma8=0.8
  1P_p1_0 snap_024: z=3.996, nk=38, Omega0=0.3, sigma8=0.8
  1P_p1_1 snap_024: z=3.996, nk=38, Omega0=0.4, sigma8=0.8
  1P_p1_2 snap_024: z=3.996, nk=38, Omega0=0.5, sigma8=0.8
 scan p2
  1P_p2_n2 snap_024: z=3.996, nk=38, Omega0=0.3, sigma8=0.6
  1P_p2_n1 snap_024: z=3.996, nk=38, Omega0=0.3, sigma8=0.7
  1P_p2_0 snap_024: z=3.996, nk=38, Omega0=0.3, sigma8=0.8
  1P_p2_1 snap_024: z=3.996, nk=38, Omega0=0.3, sigma8=0.9
  1P_p2_2 snap_024: z=3.996, nk=38, Omega0=0.3, sigma8=1.0
  saved plots/matter_pk_test/Pk_snap_024.png
  saved plots/matter_pk_test/Pk_ratio_snap_024.png

=== matter P(k), snap_032 ===
 scan p1
  1P_p1_n2 snap_032: z=2.999, nk=38, Omega0=0.1, sigma8=0.8
  1P_p1_n1 snap_032: z=2.999, nk=38, Omega0=0.2, sigma8=0.8
  1P_p1_0 snap_032: z=2.999, nk=38, Omega0=0.3, sigma8=0.8
  1P_p1_1 snap_032: z=2.999, nk=38, Omega0=0.4, sigma8=0.8
  1P_p1_2 snap_032: z=2.999, nk=38, Omega0=0.5, sigma8=0.8
 scan p2
  1P_p2_n2 snap_032: z=2.999, nk=38, Omega0=0.3, sigma8=0.6
  1P_p2_n1 snap_032: z=2.999, nk=38, Omega0=0.3, sigma8=0.7
  1P_p2_0 snap_032: z=2.999, nk=38, Omega0=0.3, sigma8=0.8
  1P_p2_1 snap_032: z=2.999, nk=38, Omega0=0.3, sigma8=0.9
  1P_p2_2 snap_032: z=2.999, nk=38, Omega0=0.3, sigma8=1.0
  saved plots/matter_pk_test/Pk_snap_032.png
  saved plots/matter_pk_test/Pk_ratio_snap_032.png

=== matter P(k), snap_044 ===
 scan p1
  1P_p1_n2 snap_044: z=2.002, nk=38, Omega0=0.1, sigma8=0.8
  1P_p1_n1 snap_044: z=2.002, nk=38, Omega0=0.2, sigma8=0.8
  1P_p1_0 snap_044: z=2.002, nk=38, Omega0=0.3, sigma8=0.8
  1P_p1_1 snap_044: z=2.002, nk=38, Omega0=0.4, sigma8=0.8
  1P_p1_2 snap_044: z=2.002, nk=38, Omega0=0.5, sigma8=0.8
 scan p2
  1P_p2_n2 snap_044: z=2.002, nk=38, Omega0=0.3, sigma8=0.6
  1P_p2_n1 snap_044: z=2.002, nk=38, Omega0=0.3, sigma8=0.7
  1P_p2_0 snap_044: z=2.002, nk=38, Omega0=0.3, sigma8=0.8
  1P_p2_1 snap_044: z=2.002, nk=38, Omega0=0.3, sigma8=0.9
  1P_p2_2 snap_044: z=2.002, nk=38, Omega0=0.3, sigma8=1.0
  saved plots/matter_pk_test/Pk_snap_044.png
  saved plots/matter_pk_test/Pk_ratio_snap_044.png

=== matter P(k), snap_080 ===
 scan p1
  1P_p1_n2 snap_080: z=0.269, nk=38, Omega0=0.1, sigma8=0.8
  1P_p1_n1 snap_080: z=0.270, nk=38, Omega0=0.2, sigma8=0.8
  1P_p1_0 snap_080: z=0.270, nk=38, Omega0=0.3, sigma8=0.8
  1P_p1_1 snap_080: z=0.270, nk=38, Omega0=0.4, sigma8=0.8
  1P_p1_2 snap_080: z=0.270, nk=38, Omega0=0.5, sigma8=0.8
 scan p2
  1P_p2_n2 snap_080: z=0.270, nk=38, Omega0=0.3, sigma8=0.6
  1P_p2_n1 snap_080: z=0.270, nk=38, Omega0=0.3, sigma8=0.7
  1P_p2_0 snap_080: z=0.270, nk=38, Omega0=0.3, sigma8=0.8
  1P_p2_1 snap_080: z=0.270, nk=38, Omega0=0.3, sigma8=0.9
  1P_p2_2 snap_080: z=0.270, nk=38, Omega0=0.3, sigma8=1.0
  saved plots/matter_pk_test/Pk_snap_080.png
  saved plots/matter_pk_test/Pk_ratio_snap_080.png

All outputs under /work/11170/roy/CGM/plots/matter_pk_test
