========================================
SLURM Job Information
========================================
Job ID: 3025231
Array Task ID: 5
Node: c313-121.ls6.tacc.utexas.edu
Cores: 48
Memory: 131072 MB
Date: Sat Mar 21 17:01:40 CDT 2026
Working directory: /work/11170/roy/CGM

MPI enabled: true
Analyze workers: 48
Snapshot: snap_014
Sightlines: output/sightlines/analysis_sightlines_2025-01-28.hdf5

Processing simulation: 1P_p1_2
========================================

[1/3] Activating virtual environment...
Virtual environment activated

[2/3] Generating spectra...

Spectra generation completed successfully

[3/3] Analyzing spectra with 48 workers...
Command: python analyze_spectra.py analyze 'spectra/IllustrisTNG/1P/1P_p1_2/camel_lya_spectra_snap_014_n10000.hdf5' --skip-line-width --workers 48

======================================================================
ANALYZING LYMAN-ALPHA SPECTRA
======================================================================
Input file: spectra/IllustrisTNG/1P/1P_p1_2/camel_lya_spectra_snap_014_n10000.hdf5
Workers: 48

[1/5] Loading spectra data...
Auto-detected: Lyman-alpha (H I 1215Å)
  Loaded column density data from colden/H/1
  Using fake_spectra's pre-computed column densities for accuracy
Sightlines: 10000
Pixels: 46819
Redshift: z = 5.994

======================================================================
COMPREHENSIVE ANALYSIS
======================================================================

[1/8] Computing basic flux statistics...
Statistics:
========================================
Mean flux:              0.0021
Median flux:            0.0000
Std dev:                0.0216

Effective tau_eff:        6.1678
Mean tau:                 3731.2773
Median tau:               32.3093

Deep absorption:        3.58%
Moderate absorption:    0.42%
Weak absorption:        0.05%

[2/8] Computing effective optical depth tau_eff...
tau_eff = 6.1491 ± 0.0116
Mean transmitted flux <F> = 0.0021
Using velocity spacing from header: 0.1000 km/s/pixel

[3-5/8] Running expensive analyses in parallel with 48 workers...
----------------------------------------------------------------------
