========================================
SLURM Job Information
========================================
Job ID: 2944060
Array Task ID: 24
Node: c314-192.ls6.tacc.utexas.edu
Date: Tue Feb 24 11:31:26 CST 2026
Working directory: /work/11170/roy/CGM

Processing simulation: 1P_p9_1
========================================

===========================
        Snapshot 14        
===========================
[0/2] Activating virtual environment...
Virtual environment activated

[2/2] Analyzing spectra...
Command: python analyze_spectra.py analyze 'spectra/IllustrisTNG/1P/1P_p9_1/camel_lya_spectra_snap_014_n10000.hdf5'

======================================================================
ANALYZING LYMAN-ALPHA SPECTRA
======================================================================
Input file: spectra/IllustrisTNG/1P/1P_p9_1/camel_lya_spectra_snap_014_n10000.hdf5

[1/5] Loading spectra data...
Auto-detected: Lyman-alpha (H I 1215Å)
Sightlines: 10000
Pixels: 36336
Redshift: z = 5.994

======================================================================
COMPREHENSIVE ANALYSIS
======================================================================

[1/8] Computing basic flux statistics...
Statistics:
========================================
Mean flux:              0.9310
Median flux:            1.0000
Std dev:                0.2529

Effective tau_eff:        0.0715
Mean tau:                 91.7365
Median tau:               0.0000

Deep absorption:        6.86%
Moderate absorption:    0.06%
Weak absorption:        93.07%

[2/8] Computing effective optical depth tau_eff...
tau_eff = 0.0715 ± 0.0148
Mean transmitted flux <F> = 0.9310
Warning: Could not load/compute velocity spacing: 'Unable to synchronously open object (invalid identifier type to function)'
Falling back to default: 0.1 km/s/pixel (may be inaccurate!)

[3/8] Computing flux power spectrum P_F(k)...
Computed power spectrum with 18169 k-modes
k range: 0.0003 to 5.00 s/km
Mean flux used: 0.9310

[4/8] Computing column density distribution f(N_HI) using simple method...
Simple pixel optical depth method
Identified 697 absorbers
Absorption path length: dX = 37.25 Mpc (comoving)
Power law fit: insufficient data

[4b/8] Computing line width distribution b(N_HI)...
Identified 20386 absorbers with b-parameters
Median b-parameter: 27.8 km/s
Mean b-parameter: 32.9 ± 14.1 km/s
Implied temperature: 13842 × 10³ K

[4c/8] Checking for temperature-density data...
Temperature/density data not available
(Regenerate spectra to include T-ρ analysis)

[4d/8] Checking for multi-line data...
Only single line available - skipping multi-line analysis

[5/8] Setting up plots...

[6/8] Creating comprehensive analysis plots...
  Saved: /work/11170/roy/CGM/plots/IllustrisTNG/1P/1P_p9_1/camel_sample_spectra_snap_014.png
[a] Sample spectra: /work/11170/roy/CGM/plots/IllustrisTNG/1P/1P_p9_1/camel_sample_spectra_snap_014.png
  Saved: /work/11170/roy/CGM/plots/IllustrisTNG/1P/1P_p9_1/camel_power_spectrum_snap_014.png
[b] Power spectrum: /work/11170/roy/CGM/plots/IllustrisTNG/1P/1P_p9_1/camel_power_spectrum_snap_014.png
  Saved: /work/11170/roy/CGM/plots/IllustrisTNG/1P/1P_p9_1/camel_cddf_snap_014.png
[c] CDDF: /work/11170/roy/CGM/plots/IllustrisTNG/1P/1P_p9_1/camel_cddf_snap_014.png
  Saved: /work/11170/roy/CGM/plots/IllustrisTNG/1P/1P_p9_1/camel_line_widths_snap_014.png
[d] Line widths: /work/11170/roy/CGM/plots/IllustrisTNG/1P/1P_p9_1/camel_line_widths_snap_014.png

[7/8] Creating detailed statistics plots...
  [d] Statistics: /work/11170/roy/CGM/plots/IllustrisTNG/1P/1P_p9_1/camel_statistics_snap_014.png

[8] Creating diagnostic plots from snapshot
----------------------------------------------------------------------
Snapshot file not found (tried snap_014.hdf5)
Skipping diagnostic plots

[9/8] Exporting analysis results...
Warning: Could not export analysis data: object of type 'NoneType' has no len()
(Analysis completed successfully, but data export failed)

======================================================================
COMPREHENSIVE ANALYSIS COMPLETE
======================================================================

Key Results:
Mean flux <F>:           0.9310
Effective tau tau_eff:     0.0715 ± 0.0148
Number of absorbers:     697
Mean b-parameter:        32.9 ± 14.1 km/s
Implied temperature:     13842 × 10³ K

Plots saved to: /work/11170/roy/CGM/plots
- Sample spectra
- Flux power spectrum P_F(k)
- Column density distribution f(N_HI)
- Line width distribution b(N_HI)
- Detailed statistics

Data exported to: /work/11170/roy/CGM/output/analysis/IllustrisTNG/1P/1P_p9_1/snap-014
- power_spectrum.csv
- cddf.csv
- flux_stats.csv
- line_widths.csv
======================================================================

========================================
Simulation 1P_p9_1 completed successfully!
Finished at: Tue Feb 24 18:10:06 CST 2026
========================================
===========================
        Snapshot 18        
===========================
[0/2] Activating virtual environment...
Virtual environment activated

[1/2] Generating spectra...
Command: python analyze_spectra.py generate 'data/IllustrisTNG/1P/1P_p9_1/snap_018.hdf5' --sightlines-from 'output/sightlines/analysis_sightlines_2025-01-28.hdf5'

======================================================================
GENERATING SPECTRA FROM SIMULATION SNAPSHOT
======================================================================
Snapshot:    data/IllustrisTNG/1P/1P_p9_1/snap_018.hdf5
Snap number: 18
Sightlines:  100
Resolution:  0.1 km/s/pixel
Random seed: 42
Lines:		Lyman-alpha (H1 1215Å)  

[1/5] Loading snapshot metadata...
Redshift:      z = 4.996
Box size:      6.21 Mpc/h
Gas particles: 16,744,463

[2/5] Setting up sightlines...
Loading sightlines from: output/sightlines/analysis_sightlines_2025-01-28.hdf5
Loaded 10000 sightlines
  Positions range: [0.3, 24998.1] ckpc/h
  Axes: x=3238, y=3440, z=3322

[3/5] Initializing fake_spectra (applying Python 3.13 bugfixes)...
Applied fake_spectra bugfixes for Python 3.13 compatibility
Output will be saved to: /work/11170/roy/CGM/spectra/IllustrisTNG/1P/1P_p9_1/camel_lya_spectra_snap_018_n10000.hdf5

[4/5] Initializing spectra object...
Reloading from snapshot (will save to:  /work/11170/roy/CGM/spectra/IllustrisTNG/1P/1P_p9_1/camel_lya_spectra_snap_018_n10000.hdf5  )
10000  sightlines. resolution:  0.10000187847536122  z= 4.995933468164624
Loaded snapshot 18
Initialized 10000 sightlines
Velocity range: 3371.06 km/s
Resolution: 0.1000 km/s/pixel

[5/5] Computing optical depths...
[1/1] Lyman-alpha (H 1 1215Å)... OK (55780.5s, tau=(10000, 33710), colden=(10000, 33710))
  Total computation time: 55780.5s

Computing temperature and density in 5 chunks of ~2000 sightlines...
  Total sightlines: 10000
  Chunk size: 2000

  Chunk 1/5: sightlines 0-1999 (2000 sightlines)
    Computing temperature... OK (shape: (2000, 33710))
    Computing density-weighted density... OK (shape: (2000, 33710))

  Chunk 2/5: sightlines 2000-3999 (2000 sightlines)
    Computing temperature... OK (shape: (2000, 33710))
    Computing density-weighted density... OK (shape: (2000, 33710))

  Chunk 3/5: sightlines 4000-5999 (2000 sightlines)
    Computing temperature... OK (shape: (2000, 33710))
    Computing density-weighted density... OK (shape: (2000, 33710))

  Chunk 4/5: sightlines 6000-7999 (2000 sightlines)
    Computing temperature... OK (shape: (2000, 33710))
    Computing density-weighted density... OK (shape: (2000, 33710))

  Chunk 5/5: sightlines 8000-9999 (2000 sightlines)
    Computing temperature... OK (shape: (2000, 33710))
    Computing density-weighted density... OK (shape: (2000, 33710))

  Concatenating 5 chunks...
    Temperature shape: (10000, 33710)
    Density shape: (10000, 33710)
  ✓ Temperature and density computation complete

Saving to HDF5...
Saved to: /work/11170/roy/CGM/spectra/IllustrisTNG/1P/1P_p9_1/camel_lya_spectra_snap_018_n10000.hdf5
Added velocity spacing to header: vmax=3371.06 km/s, dvbin=0.1000 km/s/pixel
Saved sightlines to /Sightlines/ group in spectra file

======================================================================
Spectra saved to:
  /work/11170/roy/CGM/spectra/IllustrisTNG/1P/1P_p9_1/camel_lya_spectra_snap_018_n10000.hdf5
======================================================================

Spectra generation completed successfully

[2/2] Analyzing spectra...
Command: python analyze_spectra.py analyze 'spectra/IllustrisTNG/1P/1P_p9_1/camel_lya_spectra_snap_018_n10000.hdf5'

